2013-06-21 12:33:17 [org.apache.commons.httpclient.params.DefaultHttpParams]:DEBUG -org.apache.commons.httpclient.params.DefaultHttpParams- Set parameter http.useragent = Jakarta Commons-HttpClient/3.1
2013-06-21 12:33:17 [org.apache.commons.httpclient.params.DefaultHttpParams]:DEBUG -org.apache.commons.httpclient.params.DefaultHttpParams- Set parameter http.protocol.version = HTTP/1.1
2013-06-21 12:33:17 [org.apache.commons.httpclient.params.DefaultHttpParams]:DEBUG -org.apache.commons.httpclient.params.DefaultHttpParams- Set parameter http.connection-manager.class = class org.apache.commons.httpclient.SimpleHttpConnectionManager
2013-06-21 12:33:17 [org.apache.commons.httpclient.params.DefaultHttpParams]:DEBUG -org.apache.commons.httpclient.params.DefaultHttpParams- Set parameter http.protocol.cookie-policy = default
2013-06-21 12:33:17 [org.apache.commons.httpclient.params.DefaultHttpParams]:DEBUG -org.apache.commons.httpclient.params.DefaultHttpParams- Set parameter http.protocol.element-charset = US-ASCII
2013-06-21 12:33:17 [org.apache.commons.httpclient.params.DefaultHttpParams]:DEBUG -org.apache.commons.httpclient.params.DefaultHttpParams- Set parameter http.protocol.content-charset = ISO-8859-1
2013-06-21 12:33:17 [org.apache.commons.httpclient.params.DefaultHttpParams]:DEBUG -org.apache.commons.httpclient.params.DefaultHttpParams- Set parameter http.method.retry-handler = org.apache.commons.httpclient.DefaultHttpMethodRetryHandler@4b14b82b
2013-06-21 12:33:17 [org.apache.commons.httpclient.params.DefaultHttpParams]:DEBUG -org.apache.commons.httpclient.params.DefaultHttpParams- Set parameter http.dateparser.patterns = [EEE, dd MMM yyyy HH:mm:ss zzz, EEEE, dd-MMM-yy HH:mm:ss zzz, EEE MMM d HH:mm:ss yyyy, EEE, dd-MMM-yyyy HH:mm:ss z, EEE, dd-MMM-yyyy HH-mm-ss z, EEE, dd MMM yy HH:mm:ss z, EEE dd-MMM-yyyy HH:mm:ss z, EEE dd MMM yyyy HH:mm:ss z, EEE dd-MMM-yyyy HH-mm-ss z, EEE dd-MMM-yy HH:mm:ss z, EEE dd MMM yy HH:mm:ss z, EEE,dd-MMM-yy HH:mm:ss z, EEE,dd-MMM-yyyy HH:mm:ss z, EEE, dd-MM-yyyy HH:mm:ss z]
2013-06-21 12:33:17 [org.apache.commons.httpclient.params.DefaultHttpParams]:DEBUG -org.apache.commons.httpclient.params.DefaultHttpParams- Set parameter http.connection-manager.max-per-host = {HostConfiguration[]=150}
2013-06-21 12:33:17 [org.apache.commons.httpclient.params.DefaultHttpParams]:DEBUG -org.apache.commons.httpclient.params.DefaultHttpParams- Set parameter http.connection.timeout = 2000
2013-06-21 12:33:17 [org.apache.commons.httpclient.params.DefaultHttpParams]:DEBUG -org.apache.commons.httpclient.params.DefaultHttpParams- Set parameter http.socket.timeout = 20000
2013-06-21 12:33:17 [org.apache.commons.httpclient.params.DefaultHttpParams]:DEBUG -org.apache.commons.httpclient.params.DefaultHttpParams- Set parameter http.protocol.cookie-policy = ignoreCookies
2013-06-21 12:33:17 [org.apache.commons.httpclient.HttpClient]:DEBUG -org.apache.commons.httpclient.HttpClient- Java version: 1.6.0_45
2013-06-21 12:33:17 [org.apache.commons.httpclient.HttpClient]:DEBUG -org.apache.commons.httpclient.HttpClient- Java vendor: Apple Inc.
2013-06-21 12:33:17 [org.apache.commons.httpclient.HttpClient]:DEBUG -org.apache.commons.httpclient.HttpClient- Java class path: /Users/Felix/Workspaces/CampusServer/bin:/Users/Felix/Workspaces/CampusServer/lib/commons-codec.jar:/Users/Felix/Workspaces/CampusServer/lib/commons-httpclient-3.1.jar:/Users/Felix/Workspaces/CampusServer/lib/commons-logging-1.1.jar:/Users/Felix/Workspaces/CampusServer/lib/jdom.jar:/Users/Felix/Workspaces/CampusServer/lib/log4j-1.2.16.jar
2013-06-21 12:33:17 [org.apache.commons.httpclient.HttpClient]:DEBUG -org.apache.commons.httpclient.HttpClient- Operating system name: Mac OS X
2013-06-21 12:33:17 [org.apache.commons.httpclient.HttpClient]:DEBUG -org.apache.commons.httpclient.HttpClient- Operating system architecture: x86_64
2013-06-21 12:33:17 [org.apache.commons.httpclient.HttpClient]:DEBUG -org.apache.commons.httpclient.HttpClient- Operating system version: 10.8.4
2013-06-21 12:33:17 [org.apache.commons.httpclient.HttpClient]:DEBUG -org.apache.commons.httpclient.HttpClient- SUN 1.6: SUN (DSA key/parameter generation; DSA signing; SHA-1, MD5 digests; SecureRandom; X.509 certificates; JKS keystore; PKIX CertPathValidator; PKIX CertPathBuilder; LDAP, Collection CertStores, JavaPolicy Policy; JavaLoginConfig Configuration)
2013-06-21 12:33:17 [org.apache.commons.httpclient.HttpClient]:DEBUG -org.apache.commons.httpclient.HttpClient- Apple 1.0: Apple Provider (implements DES, Triple DES, AES, Blowfish, PBE, Diffie-Hellman, HMAC/MD5, HMAC/SHA1)
2013-06-21 12:33:17 [org.apache.commons.httpclient.HttpClient]:DEBUG -org.apache.commons.httpclient.HttpClient- SunRsaSign 1.5: Sun RSA signature provider
2013-06-21 12:33:17 [org.apache.commons.httpclient.HttpClient]:DEBUG -org.apache.commons.httpclient.HttpClient- SunJSSE 1.6: Sun JSSE provider(PKCS12, SunX509 key/trust factories, SSLv3, TLSv1)
2013-06-21 12:33:17 [org.apache.commons.httpclient.HttpClient]:DEBUG -org.apache.commons.httpclient.HttpClient- SunJCE 1.6: SunJCE Provider (implements RSA, DES, Triple DES, AES, Blowfish, ARCFOUR, RC2, PBE, Diffie-Hellman, HMAC)
2013-06-21 12:33:17 [org.apache.commons.httpclient.HttpClient]:DEBUG -org.apache.commons.httpclient.HttpClient- SunJGSS 1.0: Sun (Kerberos v5, SPNEGO)
2013-06-21 12:33:17 [org.apache.commons.httpclient.HttpClient]:DEBUG -org.apache.commons.httpclient.HttpClient- SunSASL 1.5: Sun SASL provider(implements client mechanisms for: DIGEST-MD5, GSSAPI, EXTERNAL, PLAIN, CRAM-MD5; server mechanisms for: DIGEST-MD5, GSSAPI, CRAM-MD5)
2013-06-21 12:33:17 [org.apache.commons.httpclient.HttpClient]:DEBUG -org.apache.commons.httpclient.HttpClient- XMLDSig 1.0: XMLDSig (DOM XMLSignatureFactory; DOM KeyInfoFactory)
2013-06-21 12:33:17 [org.apache.commons.httpclient.HttpClient]:DEBUG -org.apache.commons.httpclient.HttpClient- SunPCSC 1.6: Sun PC/SC provider
2013-06-21 12:33:17 [manger.WeibotOpenApiManger]:INFO -manger.WeibotOpenApiManger- tagConnect	parameter	10.210.208.41:1099/WeibotOpenApi
2013-06-21 12:33:17 [manger.WeibotOpenApiManger]:INFO -manger.WeibotOpenApiManger- tagConnect	connect_ok	10.210.208.41:1099/WeibotOpenApi
2013-06-21 12:33:17 [rmi.dataSource.Campus]:INFO -rmi.dataSource.Campus- getData	parameter	{UID=[1060715975], People=[美女], SchoolID=[243966]}
2013-06-21 12:33:17 [rmi.dataSource.Campus]:INFO -rmi.dataSource.Campus- getResponse	parameter	schoolid=243966	uid=1060715975
2013-06-21 12:33:17 [weibo4j.http.HttpClient]:DEBUG -weibo4j.http.HttpClient- Request:
2013-06-21 12:33:17 [weibo4j.http.HttpClient]:DEBUG -weibo4j.http.HttpClient- GET:http://data.i.t.sina.com.cn/schooluser/getschooluser.php?&schoolid=243966&ip=10.55.22&uid=1060715975
2013-06-21 12:33:17 [org.apache.commons.httpclient.params.DefaultHttpParams]:DEBUG -org.apache.commons.httpclient.params.DefaultHttpParams- Set parameter http.default-headers = [Authorization: OAuth2 
, API-RemoteIP: 10.209.197.49
]
2013-06-21 12:33:17 [weibo4j.http.HttpClient]:DEBUG -weibo4j.http.HttpClient- Authorization: OAuth2 
2013-06-21 12:33:17 [weibo4j.http.HttpClient]:DEBUG -weibo4j.http.HttpClient- API-RemoteIP: 10.209.197.49
2013-06-21 12:33:17 [org.apache.commons.httpclient.params.DefaultHttpParams]:DEBUG -org.apache.commons.httpclient.params.DefaultHttpParams- Set parameter http.method.retry-handler = org.apache.commons.httpclient.DefaultHttpMethodRetryHandler@7f2e7c6a
2013-06-21 12:33:17 [org.apache.commons.httpclient.MultiThreadedHttpConnectionManager]:DEBUG -org.apache.commons.httpclient.MultiThreadedHttpConnectionManager- HttpConnectionManager.getConnection:  config = HostConfiguration[host=http://data.i.t.sina.com.cn], timeout = 0
2013-06-21 12:33:17 [org.apache.commons.httpclient.MultiThreadedHttpConnectionManager]:DEBUG -org.apache.commons.httpclient.MultiThreadedHttpConnectionManager- Allocating new connection, hostConfig=HostConfiguration[host=http://data.i.t.sina.com.cn]
2013-06-21 12:33:17 [org.apache.commons.httpclient.HttpConnection]:DEBUG -org.apache.commons.httpclient.HttpConnection- Open connection to data.i.t.sina.com.cn:80
2013-06-21 12:33:17 [httpclient.wire.header]:DEBUG -httpclient.wire.header- >> "GET /schooluser/getschooluser.php?&schoolid=243966&ip=10.55.22&uid=1060715975 HTTP/1.1[\r][\n]"
2013-06-21 12:33:17 [org.apache.commons.httpclient.HttpMethodBase]:DEBUG -org.apache.commons.httpclient.HttpMethodBase- Adding Host request header
2013-06-21 12:33:17 [httpclient.wire.header]:DEBUG -httpclient.wire.header- >> "Authorization: OAuth2 [\r][\n]"
2013-06-21 12:33:17 [httpclient.wire.header]:DEBUG -httpclient.wire.header- >> "API-RemoteIP: 10.209.197.49[\r][\n]"
2013-06-21 12:33:17 [httpclient.wire.header]:DEBUG -httpclient.wire.header- >> "User-Agent: Jakarta Commons-HttpClient/3.1[\r][\n]"
2013-06-21 12:33:17 [httpclient.wire.header]:DEBUG -httpclient.wire.header- >> "Host: data.i.t.sina.com.cn[\r][\n]"
2013-06-21 12:33:17 [httpclient.wire.header]:DEBUG -httpclient.wire.header- >> "[\r][\n]"
2013-06-21 12:33:17 [httpclient.wire.header]:DEBUG -httpclient.wire.header- << "HTTP/1.1 200 OK[\r][\n]"
2013-06-21 12:33:17 [httpclient.wire.header]:DEBUG -httpclient.wire.header- << "HTTP/1.1 200 OK[\r][\n]"
2013-06-21 12:33:17 [httpclient.wire.header]:DEBUG -httpclient.wire.header- << "Date: Fri, 21 Jun 2013 04:33:17 GMT[\r][\n]"
2013-06-21 12:33:17 [httpclient.wire.header]:DEBUG -httpclient.wire.header- << "Server: Apache[\r][\n]"
2013-06-21 12:33:17 [httpclient.wire.header]:DEBUG -httpclient.wire.header- << "Set-Cookie: U_TRS1=00000031.5c39682a.51c3d78d.fed13909; path=/; expires=Mon, 19-Jun-23 04:33:17 GMT; domain=.sina.com.cn[\r][\n]"
2013-06-21 12:33:17 [httpclient.wire.header]:DEBUG -httpclient.wire.header- << "Set-Cookie: U_TRS2=00000031.5c48682a.51c3d78d.acaff31e; path=/; domain=.sina.com.cn[\r][\n]"
2013-06-21 12:33:17 [httpclient.wire.header]:DEBUG -httpclient.wire.header- << "P3P: CP="CURa ADMa DEVa PSAo PSDo OUR BUS UNI PUR INT DEM STA PRE COM NAV OTC NOI DSP COR"[\r][\n]"
2013-06-21 12:33:17 [httpclient.wire.header]:DEBUG -httpclient.wire.header- << "Cache-Control: max-age=120[\r][\n]"
2013-06-21 12:33:17 [httpclient.wire.header]:DEBUG -httpclient.wire.header- << "Expires: Fri, 21 Jun 2013 04:35:17 GMT[\r][\n]"
2013-06-21 12:33:17 [httpclient.wire.header]:DEBUG -httpclient.wire.header- << "DPOOL_HEADER: alice207[\r][\n]"
2013-06-21 12:33:17 [httpclient.wire.header]:DEBUG -httpclient.wire.header- << "Vary: Accept-Encoding[\r][\n]"
2013-06-21 12:33:17 [httpclient.wire.header]:DEBUG -httpclient.wire.header- << "Content-Length: 4142[\r][\n]"
2013-06-21 12:33:17 [httpclient.wire.header]:DEBUG -httpclient.wire.header- << "Connection: close[\r][\n]"
2013-06-21 12:33:17 [httpclient.wire.header]:DEBUG -httpclient.wire.header- << "Content-Type: text/html[\r][\n]"
2013-06-21 12:33:17 [httpclient.wire.header]:DEBUG -httpclient.wire.header- << "Set-Cookie: NSC_wjq_xfjcp_bqqt_tfswjdf_ud=ffffffff094113de45525d5f4f58455e445a4a423660;path=/;httponly[\r][\n]"
2013-06-21 12:33:17 [httpclient.wire.header]:DEBUG -httpclient.wire.header- << "[\r][\n]"
2013-06-21 12:33:17 [weibo4j.http.HttpClient]:DEBUG -weibo4j.http.HttpClient- Response:
2013-06-21 12:33:17 [weibo4j.http.HttpClient]:DEBUG -weibo4j.http.HttpClient- https StatusCode:200
2013-06-21 12:33:17 [weibo4j.http.HttpClient]:DEBUG -weibo4j.http.HttpClient- Date:Fri, 21 Jun 2013 04:33:17 GMT
2013-06-21 12:33:17 [weibo4j.http.HttpClient]:DEBUG -weibo4j.http.HttpClient- Server:Apache
2013-06-21 12:33:17 [weibo4j.http.HttpClient]:DEBUG -weibo4j.http.HttpClient- Set-Cookie:U_TRS1=00000031.5c39682a.51c3d78d.fed13909; path=/; expires=Mon, 19-Jun-23 04:33:17 GMT; domain=.sina.com.cn
2013-06-21 12:33:17 [weibo4j.http.HttpClient]:DEBUG -weibo4j.http.HttpClient- Set-Cookie:U_TRS2=00000031.5c48682a.51c3d78d.acaff31e; path=/; domain=.sina.com.cn
2013-06-21 12:33:17 [weibo4j.http.HttpClient]:DEBUG -weibo4j.http.HttpClient- P3P:CP="CURa ADMa DEVa PSAo PSDo OUR BUS UNI PUR INT DEM STA PRE COM NAV OTC NOI DSP COR"
2013-06-21 12:33:17 [weibo4j.http.HttpClient]:DEBUG -weibo4j.http.HttpClient- Cache-Control:max-age=120
2013-06-21 12:33:17 [weibo4j.http.HttpClient]:DEBUG -weibo4j.http.HttpClient- Expires:Fri, 21 Jun 2013 04:35:17 GMT
2013-06-21 12:33:17 [weibo4j.http.HttpClient]:DEBUG -weibo4j.http.HttpClient- DPOOL_HEADER:alice207
2013-06-21 12:33:17 [weibo4j.http.HttpClient]:DEBUG -weibo4j.http.HttpClient- Vary:Accept-Encoding
2013-06-21 12:33:17 [weibo4j.http.HttpClient]:DEBUG -weibo4j.http.HttpClient- Content-Length:4142
2013-06-21 12:33:17 [weibo4j.http.HttpClient]:DEBUG -weibo4j.http.HttpClient- Connection:close
2013-06-21 12:33:17 [weibo4j.http.HttpClient]:DEBUG -weibo4j.http.HttpClient- Content-Type:text/html
2013-06-21 12:33:17 [weibo4j.http.HttpClient]:DEBUG -weibo4j.http.HttpClient- Set-Cookie:NSC_wjq_xfjcp_bqqt_tfswjdf_ud=ffffffff094113de45525d5f4f58455e445a4a423660;path=/;httponly
2013-06-21 12:33:17 [org.apache.commons.httpclient.HttpMethodBase]:DEBUG -org.apache.commons.httpclient.HttpMethodBase- Buffering response body
2013-06-21 12:33:17 [httpclient.wire.content]:DEBUG -httpclient.wire.content- << "[\n]"
2013-06-21 12:33:17 [httpclient.wire.content]:DEBUG -httpclient.wire.content- << "{"errno":1,"msg":"\u6210\u529f","code":"B00001","result":{"5":[],"6":[],"1":[{"uid":"2001981217","value":"1"},{"uid":"1676317545","value":"2"},{"uid":"1911767681","value":"3"},{"uid":"1980299871","value":"4"},{"uid":"1891371401","value":"5"},{"uid":"2003780975","value":"6"},{"uid":"2042047033","value":"7"},{"uid":"1950307050","value":"8"},{"uid":"1747929235","value":"9"},{"uid":"2081879315","value":"10"},{"uid":"2653995337","value":"11"},{"uid":"1397493572","value":"12"},{"uid":"1727432084","value":"13"},{"uid":"1782874742","value":"14"},{"uid":"1847519525","value":"15"},{"uid":"2473670211","value":"16"},{"uid":"2684559725","value":"17"},{"uid":"2268116432","value":"18"},{"uid":"2041697725","value":"19"},{"uid":"2407374800","value":"20"}],"2":[{"uid":"1784688431","value":"1"},{"uid":"3032674727","value":"2"},{"uid":"1651248147","value":"3"},{"uid":"1664881915","value":"4"},{"uid":"1787852264","value":"5"},{"uid":"1649802317","value":"6"},{"uid":"1709136400","value":"7"},{"uid":"1916447231","value":"8"},{"uid":"1843554905","value":"9"},{"uid":"1653681731","value":"10"}],"3":[{"uid":"1877509425","value":"1"},{"uid":"1741993172","value":"2"},{"uid":"1210417191","value":"3"},{"uid":"1596932907","value":"4"},{"uid":"1649287405","value":"5"},{"uid":"1686123550","value":"6"},{"uid":"1721807554","value":"7"},{"uid":"1966419255","value":"8"},{"uid":"1931626865","value":"9"},{"uid":"2035648670","value":"10"}],"4":[{"uid":"2309846073","value":"1"},{"uid":"2001981217","value":"2"},{"uid":"1348610605","value":"3"},{"uid":"1312841760","value":"4"},{"uid":"2875728442","value":"5"},{"uid":"1808624312","value":"6"},{"uid":"1824340523","value":"7"},{"uid":"2822490154","value":"8"},{"uid":"2271539385","value":"9"},{"uid":"2944743514","value":"10"},{"uid":"2683471974","value":"11"},{"uid":"2390619154","value":"12"},{"uid":"2828592654","value":"13"},{"uid":"1072112375","value":"14"},{"uid":"2042047033","value":"15"},{"uid":"1747929235","value":"16"},{"uid":"1941743621","value":"17"},{"uid":"2081879315","value":"18"},{"uid":"2451549504","value":"19"},{"uid":"2414416401","value":"20"},{"uid":"2623227405","value":"21"},{"uid":"2682662410","value":"22"},{"uid":"2481036817","value":"23"},{"uid":"2549278237","value":"24"},{"uid":"2478942801","value":"25"},{"uid":"2526673470","value":"26"},{"uid":"2648381032","value":"27"},{"uid":"2267011631","value":"28"},{"uid":"2706787531","value":"29"},{"uid":"2679438604","value":"30"},{"uid":"2607636571","value":"31"},{"uid":"2718467691","value":"32"},{"uid":"2473670211","value":"33"},{"uid":"1732408884","value":"34"},{"uid":"2708876865","value":"35"},{"uid":"2726368313","value":"36"},{"uid":"2927573465","value":"37"},{"uid":"1602860412","value":"38"},{"uid":"2941584262","value":"39"},{"uid":"3032674727","value":"40"},{"uid":"1784688431","value":"41"},{"uid":"2041697725","value":"42"},{"uid":"1585737772","value":"43"},{"uid":"1873836111","value":"44"},{"uid":"1744491812","value":"45"},{"uid":"1843554905","value":"46"},{"uid":"2407374800","value":"47"},{"uid":"2658919911","value":"48"},{"uid":"1277341870","value":"49"},{"uid":"1551159760","value":"50"},{"uid":"1301482784","value":"51"},{"uid":"2329911992","value":"52"},{"uid":"2770928821","value":"53"},{"uid":"1210939611","value":"54"},{"uid":"2311876140","value":"55"},{"uid":"1682191302","value":"56"},{"uid":"1981170451","value":"57"},{"uid":"1793528334","value":"58"},{"uid":"1764672071","value":"59"},{"uid":"2687026270","value":"60"},{"uid":"2728921695","value":"61"},{"uid":"2028994015","value":"62"},{"uid":"1801521152","value":"63"},{"uid":"1748034003","value":"64"},{"uid":"1761148461","value":"65"},{"uid":"2335397022","value":"66"},{"uid":"2336123347","value":"67"},{"uid":"1497246097","value":"68"},{"uid":"2441478537","value":"69"},{"uid":"1936025683","value":"70"},{"uid":"2157150013","value":"71"},{"uid":"2043135223","value":"72"},{"uid":"2815517744","value":"73"},{"uid":"1751608854","value":"74"},{"uid":"1688401081","value":"75"},{"uid":"2953305612","value":"76"},{"uid":"2884137053","value":"77"},{"uid":"2649977864","value":"78"},{"uid":"2556141580","val"
2013-06-21 12:33:17 [httpclient.wire.content]:DEBUG -httpclient.wire.content- << "ue":"79"},{"uid":"2202981955","value":"80"}]}}"
2013-06-21 12:33:17 [org.apache.commons.httpclient.HttpMethodBase]:DEBUG -org.apache.commons.httpclient.HttpMethodBase- Should close connection in response to directive: close
2013-06-21 12:33:17 [org.apache.commons.httpclient.HttpConnection]:DEBUG -org.apache.commons.httpclient.HttpConnection- Releasing connection back to connection manager.
2013-06-21 12:33:17 [org.apache.commons.httpclient.MultiThreadedHttpConnectionManager]:DEBUG -org.apache.commons.httpclient.MultiThreadedHttpConnectionManager- Freeing connection, hostConfig=HostConfiguration[host=http://data.i.t.sina.com.cn]
2013-06-21 12:33:17 [org.apache.commons.httpclient.util.IdleConnectionHandler]:DEBUG -org.apache.commons.httpclient.util.IdleConnectionHandler- Adding connection at: 1371789197549
2013-06-21 12:33:17 [org.apache.commons.httpclient.MultiThreadedHttpConnectionManager]:DEBUG -org.apache.commons.httpclient.MultiThreadedHttpConnectionManager- Notifying no-one, there are no waiting threads
2013-06-21 12:33:17 [org.apache.commons.httpclient.HttpMethodBase]:DEBUG -org.apache.commons.httpclient.HttpMethodBase- Default charset used: ISO-8859-1
2013-06-21 12:33:17 [weibo4j.http.HttpClient]:DEBUG -weibo4j.http.HttpClient- 
{"errno":1,"msg":"\u6210\u529f","code":"B00001","result":{"5":[],"6":[],"1":[{"uid":"2001981217","value":"1"},{"uid":"1676317545","value":"2"},{"uid":"1911767681","value":"3"},{"uid":"1980299871","value":"4"},{"uid":"1891371401","value":"5"},{"uid":"2003780975","value":"6"},{"uid":"2042047033","value":"7"},{"uid":"1950307050","value":"8"},{"uid":"1747929235","value":"9"},{"uid":"2081879315","value":"10"},{"uid":"2653995337","value":"11"},{"uid":"1397493572","value":"12"},{"uid":"1727432084","value":"13"},{"uid":"1782874742","value":"14"},{"uid":"1847519525","value":"15"},{"uid":"2473670211","value":"16"},{"uid":"2684559725","value":"17"},{"uid":"2268116432","value":"18"},{"uid":"2041697725","value":"19"},{"uid":"2407374800","value":"20"}],"2":[{"uid":"1784688431","value":"1"},{"uid":"3032674727","value":"2"},{"uid":"1651248147","value":"3"},{"uid":"1664881915","value":"4"},{"uid":"1787852264","value":"5"},{"uid":"1649802317","value":"6"},{"uid":"1709136400","value":"7"},{"uid":"1916447231","value":"8"},{"uid":"1843554905","value":"9"},{"uid":"1653681731","value":"10"}],"3":[{"uid":"1877509425","value":"1"},{"uid":"1741993172","value":"2"},{"uid":"1210417191","value":"3"},{"uid":"1596932907","value":"4"},{"uid":"1649287405","value":"5"},{"uid":"1686123550","value":"6"},{"uid":"1721807554","value":"7"},{"uid":"1966419255","value":"8"},{"uid":"1931626865","value":"9"},{"uid":"2035648670","value":"10"}],"4":[{"uid":"2309846073","value":"1"},{"uid":"2001981217","value":"2"},{"uid":"1348610605","value":"3"},{"uid":"1312841760","value":"4"},{"uid":"2875728442","value":"5"},{"uid":"1808624312","value":"6"},{"uid":"1824340523","value":"7"},{"uid":"2822490154","value":"8"},{"uid":"2271539385","value":"9"},{"uid":"2944743514","value":"10"},{"uid":"2683471974","value":"11"},{"uid":"2390619154","value":"12"},{"uid":"2828592654","value":"13"},{"uid":"1072112375","value":"14"},{"uid":"2042047033","value":"15"},{"uid":"1747929235","value":"16"},{"uid":"1941743621","value":"17"},{"uid":"2081879315","value":"18"},{"uid":"2451549504","value":"19"},{"uid":"2414416401","value":"20"},{"uid":"2623227405","value":"21"},{"uid":"2682662410","value":"22"},{"uid":"2481036817","value":"23"},{"uid":"2549278237","value":"24"},{"uid":"2478942801","value":"25"},{"uid":"2526673470","value":"26"},{"uid":"2648381032","value":"27"},{"uid":"2267011631","value":"28"},{"uid":"2706787531","value":"29"},{"uid":"2679438604","value":"30"},{"uid":"2607636571","value":"31"},{"uid":"2718467691","value":"32"},{"uid":"2473670211","value":"33"},{"uid":"1732408884","value":"34"},{"uid":"2708876865","value":"35"},{"uid":"2726368313","value":"36"},{"uid":"2927573465","value":"37"},{"uid":"1602860412","value":"38"},{"uid":"2941584262","value":"39"},{"uid":"3032674727","value":"40"},{"uid":"1784688431","value":"41"},{"uid":"2041697725","value":"42"},{"uid":"1585737772","value":"43"},{"uid":"1873836111","value":"44"},{"uid":"1744491812","value":"45"},{"uid":"1843554905","value":"46"},{"uid":"2407374800","value":"47"},{"uid":"2658919911","value":"48"},{"uid":"1277341870","value":"49"},{"uid":"1551159760","value":"50"},{"uid":"1301482784","value":"51"},{"uid":"2329911992","value":"52"},{"uid":"2770928821","value":"53"},{"uid":"1210939611","value":"54"},{"uid":"2311876140","value":"55"},{"uid":"1682191302","value":"56"},{"uid":"1981170451","value":"57"},{"uid":"1793528334","value":"58"},{"uid":"1764672071","value":"59"},{"uid":"2687026270","value":"60"},{"uid":"2728921695","value":"61"},{"uid":"2028994015","value":"62"},{"uid":"1801521152","value":"63"},{"uid":"1748034003","value":"64"},{"uid":"1761148461","value":"65"},{"uid":"2335397022","value":"66"},{"uid":"2336123347","value":"67"},{"uid":"1497246097","value":"68"},{"uid":"2441478537","value":"69"},{"uid":"1936025683","value":"70"},{"uid":"2157150013","value":"71"},{"uid":"2043135223","value":"72"},{"uid":"2815517744","value":"73"},{"uid":"1751608854","value":"74"},{"uid":"1688401081","value":"75"},{"uid":"2953305612","value":"76"},{"uid":"2884137053","value":"77"},{"uid":"2649977864","value":"78"},{"uid":"2556141580","value":"79"},{"uid":"2202981955","value":"80"}]}}

2013-06-21 12:33:17 [rmi.dataSource.Campus]:INFO -rmi.dataSource.Campus- getResponse	result	{"result":{"3":[{"uid":"1877509425","value":"1"},{"uid":"1741993172","value":"2"},{"uid":"1210417191","value":"3"},{"uid":"1596932907","value":"4"},{"uid":"1649287405","value":"5"},{"uid":"1686123550","value":"6"},{"uid":"1721807554","value":"7"},{"uid":"1966419255","value":"8"},{"uid":"1931626865","value":"9"},{"uid":"2035648670","value":"10"}],"2":[{"uid":"1784688431","value":"1"},{"uid":"3032674727","value":"2"},{"uid":"1651248147","value":"3"},{"uid":"1664881915","value":"4"},{"uid":"1787852264","value":"5"},{"uid":"1649802317","value":"6"},{"uid":"1709136400","value":"7"},{"uid":"1916447231","value":"8"},{"uid":"1843554905","value":"9"},{"uid":"1653681731","value":"10"}],"1":[{"uid":"2001981217","value":"1"},{"uid":"1676317545","value":"2"},{"uid":"1911767681","value":"3"},{"uid":"1980299871","value":"4"},{"uid":"1891371401","value":"5"},{"uid":"2003780975","value":"6"},{"uid":"2042047033","value":"7"},{"uid":"1950307050","value":"8"},{"uid":"1747929235","value":"9"},{"uid":"2081879315","value":"10"},{"uid":"2653995337","value":"11"},{"uid":"1397493572","value":"12"},{"uid":"1727432084","value":"13"},{"uid":"1782874742","value":"14"},{"uid":"1847519525","value":"15"},{"uid":"2473670211","value":"16"},{"uid":"2684559725","value":"17"},{"uid":"2268116432","value":"18"},{"uid":"2041697725","value":"19"},{"uid":"2407374800","value":"20"}],"6":[],"5":[],"4":[{"uid":"2309846073","value":"1"},{"uid":"2001981217","value":"2"},{"uid":"1348610605","value":"3"},{"uid":"1312841760","value":"4"},{"uid":"2875728442","value":"5"},{"uid":"1808624312","value":"6"},{"uid":"1824340523","value":"7"},{"uid":"2822490154","value":"8"},{"uid":"2271539385","value":"9"},{"uid":"2944743514","value":"10"},{"uid":"2683471974","value":"11"},{"uid":"2390619154","value":"12"},{"uid":"2828592654","value":"13"},{"uid":"1072112375","value":"14"},{"uid":"2042047033","value":"15"},{"uid":"1747929235","value":"16"},{"uid":"1941743621","value":"17"},{"uid":"2081879315","value":"18"},{"uid":"2451549504","value":"19"},{"uid":"2414416401","value":"20"},{"uid":"2623227405","value":"21"},{"uid":"2682662410","value":"22"},{"uid":"2481036817","value":"23"},{"uid":"2549278237","value":"24"},{"uid":"2478942801","value":"25"},{"uid":"2526673470","value":"26"},{"uid":"2648381032","value":"27"},{"uid":"2267011631","value":"28"},{"uid":"2706787531","value":"29"},{"uid":"2679438604","value":"30"},{"uid":"2607636571","value":"31"},{"uid":"2718467691","value":"32"},{"uid":"2473670211","value":"33"},{"uid":"1732408884","value":"34"},{"uid":"2708876865","value":"35"},{"uid":"2726368313","value":"36"},{"uid":"2927573465","value":"37"},{"uid":"1602860412","value":"38"},{"uid":"2941584262","value":"39"},{"uid":"3032674727","value":"40"},{"uid":"1784688431","value":"41"},{"uid":"2041697725","value":"42"},{"uid":"1585737772","value":"43"},{"uid":"1873836111","value":"44"},{"uid":"1744491812","value":"45"},{"uid":"1843554905","value":"46"},{"uid":"2407374800","value":"47"},{"uid":"2658919911","value":"48"},{"uid":"1277341870","value":"49"},{"uid":"1551159760","value":"50"},{"uid":"1301482784","value":"51"},{"uid":"2329911992","value":"52"},{"uid":"2770928821","value":"53"},{"uid":"1210939611","value":"54"},{"uid":"2311876140","value":"55"},{"uid":"1682191302","value":"56"},{"uid":"1981170451","value":"57"},{"uid":"1793528334","value":"58"},{"uid":"1764672071","value":"59"},{"uid":"2687026270","value":"60"},{"uid":"2728921695","value":"61"},{"uid":"2028994015","value":"62"},{"uid":"1801521152","value":"63"},{"uid":"1748034003","value":"64"},{"uid":"1761148461","value":"65"},{"uid":"2335397022","value":"66"},{"uid":"2336123347","value":"67"},{"uid":"1497246097","value":"68"},{"uid":"2441478537","value":"69"},{"uid":"1936025683","value":"70"},{"uid":"2157150013","value":"71"},{"uid":"2043135223","value":"72"},{"uid":"2815517744","value":"73"},{"uid":"1751608854","value":"74"},{"uid":"1688401081","value":"75"},{"uid":"2953305612","value":"76"},{"uid":"2884137053","value":"77"},{"uid":"2649977864","value":"78"},{"uid":"2556141580","value":"79"},{"uid":"2202981955","value":"80"}]},"errno":1,"code":"B00001","msg":"成功"}
2013-06-21 12:33:17 [rmi.dataSource.Campus]:INFO -rmi.dataSource.Campus- BoyAndGirlModel	getInfo	parameter	type=4	people=美女
